-------------------------------------------
Batch: 0
-------------------------------------------
+--------+-----+
|customer|score|
+--------+-----+
+--------+-----+

-------------------------------------------
Batch: 1
-------------------------------------------
+--------------------+-----+
|            customer|score|
+--------------------+-----+
|  Dan.Olson@test.com|  1.0|
|  Lyn.Ahmed@test.com| -2.0|
|Jacob.Gonzalez@te...| -3.0|
+--------------------+-----+

-------------------------------------------
Batch: 2
-------------------------------------------
+--------------------+-----+
|            customer|score|
+--------------------+-----+
|Gail.Anderson@tes...| -2.0|
| Ben.Harris@test.com| -0.5|
+--------------------+-----+

-------------------------------------------
Batch: 3
-------------------------------------------
+--------------------+-----+
|            customer|score|
+--------------------+-----+
|Sean.Fibonnaci@te...| -1.5|
+--------------------+-----+

-------------------------------------------
Batch: 4
-------------------------------------------
+--------------------+-----+
|            customer|score|
+--------------------+-----+
|Jane.Clayton@test...| -3.5|
+--------------------+-----+

-------------------------------------------
Batch: 5
-------------------------------------------
+--------------------+-----+
|            customer|score|
+--------------------+-----+
|Larry.Anandh@test...| -5.0|
+--------------------+-----+

-------------------------------------------
Batch: 6
-------------------------------------------
+--------------------+-----+
|            customer|score|
+--------------------+-----+
|Neeraj.Harris@tes...| -4.0|
+--------------------+-----+

-------------------------------------------
Batch: 7
-------------------------------------------
+--------------------+-----+
|            customer|score|
+--------------------+-----+
|Jacob.Spencer@tes...| -1.5|
+--------------------+-----+

-------------------------------------------
Batch: 8
-------------------------------------------
+--------------------+-----+
|            customer|score|
+--------------------+-----+
|Christina.Lincoln...| -3.0|
+--------------------+-----+

-------------------------------------------
Batch: 9
-------------------------------------------
+--------------------+-----+
|            customer|score|
+--------------------+-----+
|Eric.Aristotle@te...| -1.5|
+--------------------+-----+

-------------------------------------------
Batch: 10
-------------------------------------------
+--------------------+-----+
|            customer|score|
+--------------------+-----+
|Christina.Gonzale...|  6.5|
+--------------------+-----+

-------------------------------------------
Batch: 11
-------------------------------------------
+------------------+-----+
|          customer|score|
+------------------+-----+
|Lyn.Smith@test.com| 18.0|
+------------------+-----+

-------------------------------------------
Batch: 12
-------------------------------------------
+-----------------+-----+
|         customer|score|
+-----------------+-----+
|Angie.Wu@test.com|  3.0|
+-----------------+-----+

-------------------------------------------
Batch: 13
-------------------------------------------
+--------------------+-----+
|            customer|score|
+--------------------+-----+
|Spencer.Anderson@...|-20.5|
+--------------------+-----+

-------------------------------------------
Batch: 14
-------------------------------------------
+---------------+-----+
|       customer|score|
+---------------+-----+
|Dan.Wu@test.com| 13.0|
+---------------+-----+

