Spark Command: /usr/lib/jvm/java-8-openjdk-amd64/jre/bin/java -cp /opt/spark-2.3.4-bin-hadoop2.7/conf/:/opt/spark-2.3.4-bin-hadoop2.7/jars/* -Xmx1g org.apache.spark.deploy.master.Master --host e99ecdd94ca4 --port 7077 --webui-port 8080
========================================
2022-01-14 21:30:26 INFO  Master:2612 - Started daemon with process name: 1862@e99ecdd94ca4
2022-01-14 21:30:26 INFO  SignalUtils:54 - Registered signal handler for TERM
2022-01-14 21:30:26 INFO  SignalUtils:54 - Registered signal handler for HUP
2022-01-14 21:30:26 INFO  SignalUtils:54 - Registered signal handler for INT
2022-01-14 21:30:27 WARN  NativeCodeLoader:62 - Unable to load native-hadoop library for your platform... using builtin-java classes where applicable
2022-01-14 21:30:27 INFO  SecurityManager:54 - Changing view acls to: root
2022-01-14 21:30:27 INFO  SecurityManager:54 - Changing modify acls to: root
2022-01-14 21:30:27 INFO  SecurityManager:54 - Changing view acls groups to: 
2022-01-14 21:30:27 INFO  SecurityManager:54 - Changing modify acls groups to: 
2022-01-14 21:30:27 INFO  SecurityManager:54 - SecurityManager: authentication disabled; ui acls disabled; users  with view permissions: Set(root); groups with view permissions: Set(); users  with modify permissions: Set(root); groups with modify permissions: Set()
2022-01-14 21:30:27 INFO  Utils:54 - Successfully started service 'sparkMaster' on port 7077.
2022-01-14 21:30:27 INFO  Master:54 - Starting Spark master at spark://e99ecdd94ca4:7077
2022-01-14 21:30:27 INFO  Master:54 - Running Spark version 2.3.4
2022-01-14 21:30:28 INFO  log:192 - Logging initialized @3084ms
2022-01-14 21:30:28 INFO  Server:351 - jetty-9.3.z-SNAPSHOT, build timestamp: unknown, git hash: unknown
2022-01-14 21:30:28 INFO  Server:419 - Started @3198ms
2022-01-14 21:30:28 INFO  AbstractConnector:278 - Started ServerConnector@4c6ec9ff{HTTP/1.1,[http/1.1]}{0.0.0.0:8080}
2022-01-14 21:30:28 INFO  Utils:54 - Successfully started service 'MasterUI' on port 8080.
2022-01-14 21:30:28 INFO  ContextHandler:781 - Started o.s.j.s.ServletContextHandler@2ca4277a{/app,null,AVAILABLE,@Spark}
2022-01-14 21:30:28 INFO  ContextHandler:781 - Started o.s.j.s.ServletContextHandler@3c5d2ce9{/app/json,null,AVAILABLE,@Spark}
2022-01-14 21:30:28 INFO  ContextHandler:781 - Started o.s.j.s.ServletContextHandler@4e22608d{/,null,AVAILABLE,@Spark}
2022-01-14 21:30:28 INFO  ContextHandler:781 - Started o.s.j.s.ServletContextHandler@2e696916{/json,null,AVAILABLE,@Spark}
2022-01-14 21:30:28 INFO  ContextHandler:781 - Started o.s.j.s.ServletContextHandler@7b862256{/static,null,AVAILABLE,@Spark}
2022-01-14 21:30:28 INFO  ContextHandler:781 - Started o.s.j.s.ServletContextHandler@37d58c5d{/app/kill,null,AVAILABLE,@Spark}
2022-01-14 21:30:28 INFO  ContextHandler:781 - Started o.s.j.s.ServletContextHandler@4e95a94f{/driver/kill,null,AVAILABLE,@Spark}
2022-01-14 21:30:28 INFO  MasterWebUI:54 - Bound MasterWebUI to 0.0.0.0, and started at http://e99ecdd94ca4:8080
2022-01-14 21:30:28 INFO  Server:351 - jetty-9.3.z-SNAPSHOT, build timestamp: unknown, git hash: unknown
2022-01-14 21:30:28 INFO  ContextHandler:781 - Started o.s.j.s.ServletContextHandler@578e5d28{/,null,AVAILABLE}
2022-01-14 21:30:28 INFO  AbstractConnector:278 - Started ServerConnector@6caba114{HTTP/1.1,[http/1.1]}{e99ecdd94ca4:6066}
2022-01-14 21:30:28 INFO  Server:419 - Started @3409ms
2022-01-14 21:30:28 INFO  Utils:54 - Successfully started service on port 6066.
2022-01-14 21:30:28 INFO  StandaloneRestServer:54 - Started REST server for submitting applications on port 6066
2022-01-14 21:30:28 INFO  ContextHandler:781 - Started o.s.j.s.ServletContextHandler@59fa0699{/metrics/master/json,null,AVAILABLE,@Spark}
2022-01-14 21:30:28 INFO  ContextHandler:781 - Started o.s.j.s.ServletContextHandler@2dea6a36{/metrics/applications/json,null,AVAILABLE,@Spark}
2022-01-14 21:30:28 INFO  Master:54 - I have been elected leader! New state: ALIVE
2022-01-14 21:32:38 WARN  HttpParser:1859 - Illegal character 0x0 in state=START for buffer HeapByteBuffer@25dde47d[p=1,l=195,c=8192,r=194]={\x00<<<\x00\x00\x00\x00\x00\x00\xC3\x03C1"\xDd\xD1\x1e;\x90\x00...ing;xpt\x00\x06Master>>>\x00\x00\x00\x00\x00\x00\x00\x00\x00\x00\x00\x00\x00\x00\x00\x00\x00...\x00\x00\x00\x00\x00\x00\x00\x00\x00\x00\x00\x00\x00\x00\x00}
2022-01-14 21:32:38 WARN  HttpParser:1454 - bad HTTP parsed: 400 Illegal character 0x0 for HttpChannelOverHttp@4be6dac{r=0,c=false,a=IDLE,uri=null}
2022-01-14 21:32:45 WARN  HttpParser:1859 - Illegal character 0x0 in state=START for buffer HeapByteBuffer@25dde47d[p=1,l=195,c=8192,r=194]={\x00<<<\x00\x00\x00\x00\x00\x00\xC3\x03f\xFf\x8b\x9c\xD8\x08k\xA7\x00...ing;xpt\x00\x06Master>>>\x00\x00\x00\x00\x00\x00\x00\x00\x00\x00\x00\x00\x00\x00\x00\x00\x00...\x00\x00\x00\x00\x00\x00\x00\x00\x00\x00\x00\x00\x00\x00\x00}
2022-01-14 21:32:45 WARN  HttpParser:1454 - bad HTTP parsed: 400 Illegal character 0x0 for HttpChannelOverHttp@49139cd9{r=0,c=false,a=IDLE,uri=null}
