Spark Command: /usr/lib/jvm/java-8-openjdk-amd64/jre/bin/java -cp /opt/spark-2.3.4-bin-hadoop2.7/conf/:/opt/spark-2.3.4-bin-hadoop2.7/jars/* -Xmx1g org.apache.spark.deploy.worker.Worker --webui-port 8081 spark://e99ecdd94ca4:8080
========================================
2022-01-14 21:32:36 INFO  Worker:2612 - Started daemon with process name: 1982@e99ecdd94ca4
2022-01-14 21:32:36 INFO  SignalUtils:54 - Registered signal handler for TERM
2022-01-14 21:32:36 INFO  SignalUtils:54 - Registered signal handler for HUP
2022-01-14 21:32:36 INFO  SignalUtils:54 - Registered signal handler for INT
2022-01-14 21:32:37 WARN  NativeCodeLoader:62 - Unable to load native-hadoop library for your platform... using builtin-java classes where applicable
2022-01-14 21:32:37 INFO  SecurityManager:54 - Changing view acls to: root
2022-01-14 21:32:37 INFO  SecurityManager:54 - Changing modify acls to: root
2022-01-14 21:32:37 INFO  SecurityManager:54 - Changing view acls groups to: 
2022-01-14 21:32:37 INFO  SecurityManager:54 - Changing modify acls groups to: 
2022-01-14 21:32:37 INFO  SecurityManager:54 - SecurityManager: authentication disabled; ui acls disabled; users  with view permissions: Set(root); groups with view permissions: Set(); users  with modify permissions: Set(root); groups with modify permissions: Set()
2022-01-14 21:32:37 INFO  Utils:54 - Successfully started service 'sparkWorker' on port 36113.
2022-01-14 21:32:37 INFO  Worker:54 - Starting Spark worker 172.18.0.2:36113 with 2 cores, 6.3 GB RAM
2022-01-14 21:32:37 INFO  Worker:54 - Running Spark version 2.3.4
2022-01-14 21:32:37 INFO  Worker:54 - Spark home: /opt/spark-2.3.4-bin-hadoop2.7
2022-01-14 21:32:38 INFO  log:192 - Logging initialized @2214ms
2022-01-14 21:32:38 INFO  Server:351 - jetty-9.3.z-SNAPSHOT, build timestamp: unknown, git hash: unknown
2022-01-14 21:32:38 INFO  Server:419 - Started @2296ms
2022-01-14 21:32:38 WARN  Utils:66 - Service 'WorkerUI' could not bind on port 8081. Attempting port 8082.
2022-01-14 21:32:38 WARN  Utils:66 - Service 'WorkerUI' could not bind on port 8082. Attempting port 8083.
2022-01-14 21:32:38 WARN  Utils:66 - Service 'WorkerUI' could not bind on port 8083. Attempting port 8084.
2022-01-14 21:32:38 INFO  AbstractConnector:278 - Started ServerConnector@2c3fb727{HTTP/1.1,[http/1.1]}{0.0.0.0:8084}
2022-01-14 21:32:38 INFO  Utils:54 - Successfully started service 'WorkerUI' on port 8084.
2022-01-14 21:32:38 INFO  ContextHandler:781 - Started o.s.j.s.ServletContextHandler@15aefa15{/logPage,null,AVAILABLE,@Spark}
2022-01-14 21:32:38 INFO  ContextHandler:781 - Started o.s.j.s.ServletContextHandler@8bc81b3{/logPage/json,null,AVAILABLE,@Spark}
2022-01-14 21:32:38 INFO  ContextHandler:781 - Started o.s.j.s.ServletContextHandler@1e7d34d6{/,null,AVAILABLE,@Spark}
2022-01-14 21:32:38 INFO  ContextHandler:781 - Started o.s.j.s.ServletContextHandler@19a1366f{/json,null,AVAILABLE,@Spark}
2022-01-14 21:32:38 INFO  ContextHandler:781 - Started o.s.j.s.ServletContextHandler@75fc8df1{/static,null,AVAILABLE,@Spark}
2022-01-14 21:32:38 INFO  ContextHandler:781 - Started o.s.j.s.ServletContextHandler@114b824c{/log,null,AVAILABLE,@Spark}
2022-01-14 21:32:38 INFO  WorkerWebUI:54 - Bound WorkerWebUI to 0.0.0.0, and started at http://e99ecdd94ca4:8084
2022-01-14 21:32:38 INFO  Worker:54 - Connecting to master e99ecdd94ca4:8080...
2022-01-14 21:32:38 INFO  ContextHandler:781 - Started o.s.j.s.ServletContextHandler@7ebe4db7{/metrics/json,null,AVAILABLE,@Spark}
2022-01-14 21:32:38 INFO  TransportClientFactory:267 - Successfully created connection to e99ecdd94ca4/172.18.0.2:8080 after 77 ms (0 ms spent in bootstraps)
2022-01-14 21:32:38 ERROR TransportResponseHandler:144 - Still have 1 requests outstanding when connection from e99ecdd94ca4/172.18.0.2:8080 is closed
2022-01-14 21:32:38 WARN  Worker:87 - Failed to connect to master e99ecdd94ca4:8080
org.apache.spark.SparkException: Exception thrown in awaitResult: 
	at org.apache.spark.util.ThreadUtils$.awaitResult(ThreadUtils.scala:205)
	at org.apache.spark.rpc.RpcTimeout.awaitResult(RpcTimeout.scala:75)
	at org.apache.spark.rpc.RpcEnv.setupEndpointRefByURI(RpcEnv.scala:101)
	at org.apache.spark.rpc.RpcEnv.setupEndpointRef(RpcEnv.scala:109)
	at org.apache.spark.deploy.worker.Worker$$anonfun$org$apache$spark$deploy$worker$Worker$$tryRegisterAllMasters$1$$anon$1.run(Worker.scala:243)
	at java.util.concurrent.Executors$RunnableAdapter.call(Executors.java:511)
	at java.util.concurrent.FutureTask.run(FutureTask.java:266)
	at java.util.concurrent.ThreadPoolExecutor.runWorker(ThreadPoolExecutor.java:1149)
	at java.util.concurrent.ThreadPoolExecutor$Worker.run(ThreadPoolExecutor.java:624)
	at java.lang.Thread.run(Thread.java:748)
Caused by: java.io.IOException: Connection from e99ecdd94ca4/172.18.0.2:8080 closed
	at org.apache.spark.network.client.TransportResponseHandler.channelInactive(TransportResponseHandler.java:146)
	at org.apache.spark.network.server.TransportChannelHandler.channelInactive(TransportChannelHandler.java:108)
	at io.netty.channel.AbstractChannelHandlerContext.invokeChannelInactive(AbstractChannelHandlerContext.java:245)
	at io.netty.channel.AbstractChannelHandlerContext.invokeChannelInactive(AbstractChannelHandlerContext.java:231)
	at io.netty.channel.AbstractChannelHandlerContext.fireChannelInactive(AbstractChannelHandlerContext.java:224)
	at io.netty.channel.ChannelInboundHandlerAdapter.channelInactive(ChannelInboundHandlerAdapter.java:75)
	at io.netty.handler.timeout.IdleStateHandler.channelInactive(IdleStateHandler.java:277)
	at io.netty.channel.AbstractChannelHandlerContext.invokeChannelInactive(AbstractChannelHandlerContext.java:245)
	at io.netty.channel.AbstractChannelHandlerContext.invokeChannelInactive(AbstractChannelHandlerContext.java:231)
	at io.netty.channel.AbstractChannelHandlerContext.fireChannelInactive(AbstractChannelHandlerContext.java:224)
	at io.netty.channel.ChannelInboundHandlerAdapter.channelInactive(ChannelInboundHandlerAdapter.java:75)
	at io.netty.channel.AbstractChannelHandlerContext.invokeChannelInactive(AbstractChannelHandlerContext.java:245)
	at io.netty.channel.AbstractChannelHandlerContext.invokeChannelInactive(AbstractChannelHandlerContext.java:231)
	at io.netty.channel.AbstractChannelHandlerContext.fireChannelInactive(AbstractChannelHandlerContext.java:224)
	at io.netty.channel.ChannelInboundHandlerAdapter.channelInactive(ChannelInboundHandlerAdapter.java:75)
	at org.apache.spark.network.util.TransportFrameDecoder.channelInactive(TransportFrameDecoder.java:182)
	at io.netty.channel.AbstractChannelHandlerContext.invokeChannelInactive(AbstractChannelHandlerContext.java:245)
	at io.netty.channel.AbstractChannelHandlerContext.invokeChannelInactive(AbstractChannelHandlerContext.java:231)
	at io.netty.channel.AbstractChannelHandlerContext.fireChannelInactive(AbstractChannelHandlerContext.java:224)
	at io.netty.channel.DefaultChannelPipeline$HeadContext.channelInactive(DefaultChannelPipeline.java:1354)
	at io.netty.channel.AbstractChannelHandlerContext.invokeChannelInactive(AbstractChannelHandlerContext.java:245)
	at io.netty.channel.AbstractChannelHandlerContext.invokeChannelInactive(AbstractChannelHandlerContext.java:231)
	at io.netty.channel.DefaultChannelPipeline.fireChannelInactive(DefaultChannelPipeline.java:917)
	at io.netty.channel.AbstractChannel$AbstractUnsafe$8.run(AbstractChannel.java:822)
	at io.netty.util.concurrent.AbstractEventExecutor.safeExecute(AbstractEventExecutor.java:163)
	at io.netty.util.concurrent.SingleThreadEventExecutor.runAllTasks(SingleThreadEventExecutor.java:403)
	at io.netty.channel.nio.NioEventLoop.run(NioEventLoop.java:463)
	at io.netty.util.concurrent.SingleThreadEventExecutor$5.run(SingleThreadEventExecutor.java:858)
	at io.netty.util.concurrent.DefaultThreadFactory$DefaultRunnableDecorator.run(DefaultThreadFactory.java:138)
	... 1 more
2022-01-14 21:32:45 INFO  Worker:54 - Retrying connection to master (attempt # 1)
2022-01-14 21:32:45 INFO  Worker:54 - Connecting to master e99ecdd94ca4:8080...
2022-01-14 21:32:45 INFO  TransportClientFactory:184 - Found inactive connection to e99ecdd94ca4/172.18.0.2:8080, creating a new one.
2022-01-14 21:32:45 INFO  TransportClientFactory:267 - Successfully created connection to e99ecdd94ca4/172.18.0.2:8080 after 2 ms (0 ms spent in bootstraps)
2022-01-14 21:32:45 ERROR TransportResponseHandler:144 - Still have 1 requests outstanding when connection from e99ecdd94ca4/172.18.0.2:8080 is closed
2022-01-14 21:32:45 WARN  Worker:87 - Failed to connect to master e99ecdd94ca4:8080
org.apache.spark.SparkException: Exception thrown in awaitResult: 
	at org.apache.spark.util.ThreadUtils$.awaitResult(ThreadUtils.scala:205)
	at org.apache.spark.rpc.RpcTimeout.awaitResult(RpcTimeout.scala:75)
	at org.apache.spark.rpc.RpcEnv.setupEndpointRefByURI(RpcEnv.scala:101)
	at org.apache.spark.rpc.RpcEnv.setupEndpointRef(RpcEnv.scala:109)
	at org.apache.spark.deploy.worker.Worker$$anonfun$org$apache$spark$deploy$worker$Worker$$tryRegisterAllMasters$1$$anon$1.run(Worker.scala:243)
	at java.util.concurrent.Executors$RunnableAdapter.call(Executors.java:511)
	at java.util.concurrent.FutureTask.run(FutureTask.java:266)
	at java.util.concurrent.ThreadPoolExecutor.runWorker(ThreadPoolExecutor.java:1149)
	at java.util.concurrent.ThreadPoolExecutor$Worker.run(ThreadPoolExecutor.java:624)
	at java.lang.Thread.run(Thread.java:748)
Caused by: java.io.IOException: Connection from e99ecdd94ca4/172.18.0.2:8080 closed
	at org.apache.spark.network.client.TransportResponseHandler.channelInactive(TransportResponseHandler.java:146)
	at org.apache.spark.network.server.TransportChannelHandler.channelInactive(TransportChannelHandler.java:108)
	at io.netty.channel.AbstractChannelHandlerContext.invokeChannelInactive(AbstractChannelHandlerContext.java:245)
	at io.netty.channel.AbstractChannelHandlerContext.invokeChannelInactive(AbstractChannelHandlerContext.java:231)
	at io.netty.channel.AbstractChannelHandlerContext.fireChannelInactive(AbstractChannelHandlerContext.java:224)
	at io.netty.channel.ChannelInboundHandlerAdapter.channelInactive(ChannelInboundHandlerAdapter.java:75)
	at io.netty.handler.timeout.IdleStateHandler.channelInactive(IdleStateHandler.java:277)
	at io.netty.channel.AbstractChannelHandlerContext.invokeChannelInactive(AbstractChannelHandlerContext.java:245)
	at io.netty.channel.AbstractChannelHandlerContext.invokeChannelInactive(AbstractChannelHandlerContext.java:231)
	at io.netty.channel.AbstractChannelHandlerContext.fireChannelInactive(AbstractChannelHandlerContext.java:224)
	at io.netty.channel.ChannelInboundHandlerAdapter.channelInactive(ChannelInboundHandlerAdapter.java:75)
	at io.netty.channel.AbstractChannelHandlerContext.invokeChannelInactive(AbstractChannelHandlerContext.java:245)
	at io.netty.channel.AbstractChannelHandlerContext.invokeChannelInactive(AbstractChannelHandlerContext.java:231)
	at io.netty.channel.AbstractChannelHandlerContext.fireChannelInactive(AbstractChannelHandlerContext.java:224)
	at io.netty.channel.ChannelInboundHandlerAdapter.channelInactive(ChannelInboundHandlerAdapter.java:75)
	at org.apache.spark.network.util.TransportFrameDecoder.channelInactive(TransportFrameDecoder.java:182)
	at io.netty.channel.AbstractChannelHandlerContext.invokeChannelInactive(AbstractChannelHandlerContext.java:245)
	at io.netty.channel.AbstractChannelHandlerContext.invokeChannelInactive(AbstractChannelHandlerContext.java:231)
	at io.netty.channel.AbstractChannelHandlerContext.fireChannelInactive(AbstractChannelHandlerContext.java:224)
	at io.netty.channel.DefaultChannelPipeline$HeadContext.channelInactive(DefaultChannelPipeline.java:1354)
	at io.netty.channel.AbstractChannelHandlerContext.invokeChannelInactive(AbstractChannelHandlerContext.java:245)
	at io.netty.channel.AbstractChannelHandlerContext.invokeChannelInactive(AbstractChannelHandlerContext.java:231)
	at io.netty.channel.DefaultChannelPipeline.fireChannelInactive(DefaultChannelPipeline.java:917)
	at io.netty.channel.AbstractChannel$AbstractUnsafe$8.run(AbstractChannel.java:822)
	at io.netty.util.concurrent.AbstractEventExecutor.safeExecute(AbstractEventExecutor.java:163)
	at io.netty.util.concurrent.SingleThreadEventExecutor.runAllTasks(SingleThreadEventExecutor.java:403)
	at io.netty.channel.nio.NioEventLoop.run(NioEventLoop.java:463)
	at io.netty.util.concurrent.SingleThreadEventExecutor$5.run(SingleThreadEventExecutor.java:858)
	at io.netty.util.concurrent.DefaultThreadFactory$DefaultRunnableDecorator.run(DefaultThreadFactory.java:138)
	... 1 more
